<?xml version="1.0" encoding="UTF-8"?>
<Site BuildName="Linux-clang++-12"
	BuildStamp="20231120-0537-Experimental"
	Name="caiersheng-HP"
	Generator="ctest-3.22.1"
	CompilerName="/usr/bin/clang++-12"
	CompilerVersion="12.0.1"
	OSName="Linux"
	Hostname="caiersheng-HP"
	OSRelease="6.2.0-36-generic"
	OSVersion="#37~22.04.1-Ubuntu SMP PREEMPT_DYNAMIC Mon Oct  9 15:34:04 UTC 2"
	OSPlatform="x86_64"
	Is64Bits="1"
	VendorString="AuthenticAMD"
	VendorID="Advanced Micro Devices"
	FamilyID="25"
	ModelID="80"
	ProcessorCacheSize="512"
	NumberOfLogicalCPU="16"
	NumberOfPhysicalCPU="8"
	TotalVirtualMemory="17927"
	TotalPhysicalMemory="15329"
	LogicalProcessorsPerPhysical="2"
	ProcessorClockFrequency="4123.84"
	>
	<Testing>
		<StartDateTime>Nov 20 13:37 CST</StartDateTime>
		<StartTestTime>1700458676</StartTestTime>
		<TestList/>
		<EndDateTime>Nov 20 13:37 CST</EndDateTime>
		<EndTestTime>1700458676</EndTestTime>
		<ElapsedMinutes>0</ElapsedMinutes>
	</Testing>
</Site>
