<?xml version="1.0" encoding="UTF-8"?>
<Site BuildName="Linux-clang++-12"
	BuildStamp="20231204-0412-Experimental"
	Name="caiersheng-HP"
	Generator="ctest-3.22.1"
	CompilerName="/usr/bin/clang++-12"
	CompilerVersion="12.0.1"
	OSName="Linux"
	Hostname="caiersheng-HP"
	OSRelease="6.2.0-37-generic"
	OSVersion="#38~22.04.1-Ubuntu SMP PREEMPT_DYNAMIC Thu Nov  2 18:01:13 UTC 2"
	OSPlatform="x86_64"
	Is64Bits="1"
	VendorString="AuthenticAMD"
	VendorID="Advanced Micro Devices"
	FamilyID="25"
	ModelID="80"
	ProcessorCacheSize="512"
	NumberOfLogicalCPU="16"
	NumberOfPhysicalCPU="8"
	TotalVirtualMemory="17927"
	TotalPhysicalMemory="15329"
	LogicalProcessorsPerPhysical="2"
	ProcessorClockFrequency="4311.44"
	>
	<Testing>
		<StartDateTime>Dec 04 12:12 CST</StartDateTime>
		<StartTestTime>1701663124</StartTestTime>
		<TestList/>
		<EndDateTime>Dec 04 12:12 CST</EndDateTime>
		<EndTestTime>1701663124</EndTestTime>
		<ElapsedMinutes>0</ElapsedMinutes>
	</Testing>
</Site>
